lib_mediaplayer_ijkplayer_k0.8.8_ff3.4.12_full/build/intermediates/manifest_merge_blame_file/release/manifest-merger-blame-release-report.txt
1<?xml version="1.0" encoding="utf-8"?>
2<manifest xmlns:android="http://schemas.android.com/apk/res/android"
3    package="lib.kalu.ijkplayer" >
4
5    <uses-sdk android:minSdkVersion="14" />
5-->src\main\AndroidManifest.xml
6
7    <application
7-->src\main\AndroidManifest.xml:4:5-6:37
8        android:allowBackup="true"
8-->src\main\AndroidManifest.xml:5:9-35
9        android:supportsRtl="true" />
9-->src\main\AndroidManifest.xml:6:9-35
10
11</manifest>